<?xml version="1.0" encoding="UTF-8"?>
<testng-results ignored="0" total="1" passed="1" failed="0" skipped="0">
  <reporter-output>
  </reporter-output>
  <suite started-at="2023-06-20T18:25:04 BDT" name="Default suite" finished-at="2023-06-20T18:26:22 BDT" duration-ms="78275">
    <groups>
    </groups>
    <test started-at="2023-06-20T18:25:04 BDT" name="Default test" finished-at="2023-06-20T18:26:22 BDT" duration-ms="78275">
      <class name="Newtest.Run">
        <test-method is-config="true" signature="start()[pri:0, instance:Newtest.Run@4b013c76]" started-at="2023-06-20T18:25:02 BDT" name="start" finished-at="2023-06-20T18:25:04 BDT" duration-ms="1774" status="PASS">
          <reporter-output>
          </reporter-output>
        </test-method> <!-- start -->
        <test-method signature="firstTest()[pri:0, instance:Newtest.Run@4b013c76]" started-at="2023-06-20T18:25:04 BDT" name="firstTest" finished-at="2023-06-20T18:26:22 BDT" duration-ms="78247" status="PASS">
          <reporter-output>
          </reporter-output>
        </test-method> <!-- firstTest -->
        <test-method is-config="true" signature="close()[pri:0, instance:Newtest.Run@4b013c76]" started-at="2023-06-20T18:26:22 BDT" name="close" finished-at="2023-06-20T18:26:22 BDT" duration-ms="134" status="PASS">
          <reporter-output>
          </reporter-output>
        </test-method> <!-- close -->
      </class> <!-- Newtest.Run -->
    </test> <!-- Default test -->
  </suite> <!-- Default suite -->
</testng-results>
